Using pre-set license
Built from '2020.3/staging' branch; Version is '2020.3.11f1 (99c7afb366b3) revision 10078127'; Using compiler version '192528614'; Build Type 'Release'
OS: 'Windows 10 Pro; OS build 19042.1052; Version 2009; 64bit' Language: 'ru' Physical Memory: 32700 MB
BatchMode: 1, IsHumanControllingUs: 0, StartBugReporterOnCrash: 0, Is64bit: 1, IsPro: 0

 COMMAND LINE ARGUMENTS:
D:\Unity\2020.3.11f1\Editor\Unity.exe
-adb2
-batchMode
-noUpm
-name
AssetImportWorker0
-projectPath
C:/Users/Admin/AR_Jewel
-logFile
Logs/AssetImportWorker0.log
-srvPort
57124
Successfully changed project path to: C:/Users/Admin/AR_Jewel
C:/Users/Admin/AR_Jewel
Using Asset Import Pipeline V2.
Refreshing native plugins compatible for Editor in 28.31 ms, found 2 plugins.
Preloading 0 native plugins for Editor in 0.00 ms.
Initialize engine version: 2020.3.11f1 (99c7afb366b3)
[Subsystems] Discovering subsystems at path D:/Unity/2020.3.11f1/Editor/Data/Resources/UnitySubsystems
[Subsystems] Discovering subsystems at path C:/Users/Admin/AR_Jewel/Assets
GfxDevice: creating device client; threaded=0
Direct3D:
    Version:  Direct3D 11.0 [level 11.1]
    Renderer: NVIDIA GeForce RTX 2060 SUPER (ID=0x1f06)
    Vendor:   
    VRAM:     8031 MB
    Driver:   27.21.14.6089
Initialize mono
Mono path[0] = 'D:/Unity/2020.3.11f1/Editor/Data/Managed'
Mono path[1] = 'D:/Unity/2020.3.11f1/Editor/Data/MonoBleedingEdge/lib/mono/unityjit'
Mono config path = 'D:/Unity/2020.3.11f1/Editor/Data/MonoBleedingEdge/etc'
Using monoOptions --debugger-agent=transport=dt_socket,embedding=1,server=y,suspend=n,address=127.0.0.1:56016
Begin MonoManager ReloadAssembly
Registering precompiled unity dll's ...
Register platform support module: D:/Unity/2020.3.11f1/Editor/Data/PlaybackEngines/WindowsStandaloneSupport/UnityEditor.WindowsStandalone.Extensions.dll
Registered in 0.000847 seconds.
Native extension for WindowsStandalone target not found
Refreshing native plugins compatible for Editor in 27.03 ms, found 2 plugins.
Preloading 0 native plugins for Editor in 0.00 ms.
Mono: successfully reloaded assembly
- Completed reload, in  0.704 seconds
Platform modules already initialized, skipping
Registering precompiled user dll's ...
Registered in 0.002923 seconds.
Begin MonoManager ReloadAssembly
Native extension for WindowsStandalone target not found
Refreshing native plugins compatible for Editor in 0.33 ms, found 2 plugins.
Preloading 0 native plugins for Editor in 0.00 ms.
Mono: successfully reloaded assembly
- Completed reload, in  0.851 seconds
Platform modules already initialized, skipping
========================================================================
Worker process is ready to serve import requests
Launched and connected shader compiler UnityShaderCompiler.exe after 0.03 seconds
Refreshing native plugins compatible for Editor in 0.32 ms, found 2 plugins.
Preloading 0 native plugins for Editor in 0.00 ms.
Unloading 1732 Unused Serialized files (Serialized files now loaded: 0)
System memory in use before: 75.9 MB.
System memory in use after: 76.0 MB.

Unloading 21 unused Assets to reduce memory usage. Loaded Objects now: 2165.
Total: 1.724500 ms (FindLiveObjects: 0.132900 ms CreateObjectMapping: 0.043200 ms MarkObjects: 1.480800 ms  DeleteObjects: 0.066900 ms)

========================================================================
Received Import Request.
  path: Assets/Materials
  artifactKey: Guid(284c9d5a0e7ff664da2033ca55e28d85) Importer(815301076,1909f56bfc062723c751e8b465ee728b)
Start importing Assets/Materials using Guid(284c9d5a0e7ff664da2033ca55e28d85) Importer(815301076,1909f56bfc062723c751e8b465ee728b)  -> (artifact id: '1f503ebada149e485d941ab067e12ac9') in 0.007154 seconds
  Import took 0.009274 seconds .

========================================================================
Received Import Request.
  Time since last request: 13.222163 seconds.
  path: Assets/Materials/DefaultPlane.mat
  artifactKey: Guid(4766a727c0745124f92ef8a424f127fa) Importer(815301076,1909f56bfc062723c751e8b465ee728b)
Start importing Assets/Materials/DefaultPlane.mat using Guid(4766a727c0745124f92ef8a424f127fa) Importer(815301076,1909f56bfc062723c751e8b465ee728b)  -> (artifact id: '26928615f7904e5454cfcaa51a1984d6') in 0.096928 seconds
  Import took 0.099576 seconds .

========================================================================
Received Import Request.
  Time since last request: 40.866598 seconds.
  path: Packages/com.unity.xr.arfoundation/Materials/DebugFace.mat
  artifactKey: Guid(35bd980c8f2234e3d8b640e25a677d65) Importer(815301076,1909f56bfc062723c751e8b465ee728b)
Start importing Packages/com.unity.xr.arfoundation/Materials/DebugFace.mat using Guid(35bd980c8f2234e3d8b640e25a677d65) Importer(815301076,1909f56bfc062723c751e8b465ee728b)  -> (artifact id: 'b775d5240a537cadaa102879a9b59061') in 0.066888 seconds
  Import took 0.069363 seconds .

========================================================================
Received Import Request.
  Time since last request: 0.000219 seconds.
  path: Packages/com.unity.xr.arfoundation/Materials/DebugPlane.mat
  artifactKey: Guid(f1a110d32af21aa4d872c707dfcc6043) Importer(815301076,1909f56bfc062723c751e8b465ee728b)
Start importing Packages/com.unity.xr.arfoundation/Materials/DebugPlane.mat using Guid(f1a110d32af21aa4d872c707dfcc6043) Importer(815301076,1909f56bfc062723c751e8b465ee728b)  -> (artifact id: '867c37191734b83677301b6e336cd9ff') in 0.148550 seconds
  Import took 0.151138 seconds .

========================================================================
Received Import Request.
  Time since last request: 0.000304 seconds.
  path: Packages/com.unity.xr.arfoundation/Materials/DebugFace.mat
  artifactKey: Guid(35bd980c8f2234e3d8b640e25a677d65) Importer(815301076,1909f56bfc062723c751e8b465ee728b)
Start importing Packages/com.unity.xr.arfoundation/Materials/DebugFace.mat using Guid(35bd980c8f2234e3d8b640e25a677d65) Importer(815301076,1909f56bfc062723c751e8b465ee728b)  -> (artifact id: 'b775d5240a537cadaa102879a9b59061') in 0.010775 seconds
  Import took 0.013284 seconds .

========================================================================
Received Import Request.
  Time since last request: 0.000248 seconds.
  path: Packages/com.unity.xr.arfoundation/Materials/DebugPlane.mat
  artifactKey: Guid(f1a110d32af21aa4d872c707dfcc6043) Importer(815301076,1909f56bfc062723c751e8b465ee728b)
Start importing Packages/com.unity.xr.arfoundation/Materials/DebugPlane.mat using Guid(f1a110d32af21aa4d872c707dfcc6043) Importer(815301076,1909f56bfc062723c751e8b465ee728b)  -> (artifact id: '867c37191734b83677301b6e336cd9ff') in 0.009556 seconds
  Import took 0.012035 seconds .

========================================================================
Received Import Request.
  Time since last request: 39.753624 seconds.
  path: Assets/Prefabs/AR Default Plane.prefab
  artifactKey: Guid(e00d13831d3cea046adec7b9800d30ba) Importer(815301076,1909f56bfc062723c751e8b465ee728b)
Start importing Assets/Prefabs/AR Default Plane.prefab using Guid(e00d13831d3cea046adec7b9800d30ba) Importer(815301076,1909f56bfc062723c751e8b465ee728b)  -> (artifact id: '86637e686a2a2c467e2e7e06015863eb') in 0.022592 seconds
  Import took 0.032561 seconds .

========================================================================
Received Import Request.
  Time since last request: 0.002310 seconds.
  path: Assets/Prefabs/AR Default Plane.prefab
  artifactKey: Guid(e00d13831d3cea046adec7b9800d30ba) Importer(815301076,1909f56bfc062723c751e8b465ee728b)
Start importing Assets/Prefabs/AR Default Plane.prefab using Guid(e00d13831d3cea046adec7b9800d30ba) Importer(815301076,1909f56bfc062723c751e8b465ee728b)  -> (artifact id: '86637e686a2a2c467e2e7e06015863eb') in 0.011274 seconds
  Import took 0.017024 seconds .

AssetImportWorkerClient::OnTransportError - code=2 error=End of file
